<?xml version="1.0" encoding="UTF-8"?>
<testsuite xmlns:xsi="http://www.w3.org/2001/XMLSchema-instance" xsi:noNamespaceSchemaLocation="https://maven.apache.org/surefire/maven-surefire-plugin/xsd/surefire-test-report-3.0.xsd" version="3.0" name="com.insurancecorp.insurecar.model.CustomerTest" time="0.214" tests="18" errors="0" skipped="0" failures="0">
  <properties>
[...]
</properties>
  <testcase name="testOnUpdate" classname="com.insurancecorp.insurecar.model.CustomerTest" time="0.019"/>
  <testcase name="testGetFullName_ValidNames" classname="com.insurancecorp.insurecar.model.CustomerTest" time="0.012"/>
  <testcase name="testGetAge_NullDateOfBirth" classname="com.insurancecorp.insurecar.model.CustomerTest" time="0.002"/>
  <testcase name="testIsEligibleForInsurance_WhitespaceFirstName" classname="com.insurancecorp.insurecar.model.CustomerTest" time="0.007"/>
  <testcase name="testIsAdult_Exactly18" classname="com.insurancecorp.insurecar.model.CustomerTest" time="0.001"/>
  <testcase name="testIsEligibleForInsurance_YoungCustomer" classname="com.insurancecorp.insurecar.model.CustomerTest" time="0.001"/>
  <testcase name="testIsEligibleForInsurance_ValidCustomer" classname="com.insurancecorp.insurecar.model.CustomerTest" time="0.0"/>
  <testcase name="testIsAdult_AdultCustomer" classname="com.insurancecorp.insurecar.model.CustomerTest" time="0.001"/>
  <testcase name="testIsAdult_YoungCustomer" classname="com.insurancecorp.insurecar.model.CustomerTest" time="0.0"/>
  <testcase name="testGetAge_ValidDateOfBirth" classname="com.insurancecorp.insurecar.model.CustomerTest" time="0.0"/>
  <testcase name="testIsEligibleForInsurance_EmptyEmail" classname="com.insurancecorp.insurecar.model.CustomerTest" time="0.001"/>
  <testcase name="testIsEligibleForInsurance_EmptyFirstName" classname="com.insurancecorp.insurecar.model.CustomerTest" time="0.001"/>
  <testcase name="testGetFullName_NullLastName" classname="com.insurancecorp.insurecar.model.CustomerTest" time="0.0"/>
  <testcase name="testIsEligibleForInsurance_NullFirstName" classname="com.insurancecorp.insurecar.model.CustomerTest" time="0.001"/>
  <testcase name="testIsEligibleForInsurance_NullEmail" classname="com.insurancecorp.insurecar.model.CustomerTest" time="0.003"/>
  <testcase name="testGetFullName_NullFirstName" classname="com.insurancecorp.insurecar.model.CustomerTest" time="0.001"/>
  <testcase name="testIsEligibleForInsurance_NullLastName" classname="com.insurancecorp.insurecar.model.CustomerTest" time="0.0"/>
  <testcase name="testOnCreate" classname="com.insurancecorp.insurecar.model.CustomerTest" time="0.001"/>
</testsuite>